<?xml version="1.0" encoding="UTF-8"?>
<!-- Generated by org.testng.reporters.JUnitReportReporter -->
<testsuite skipped="0" hostname="DESKTOP-G4P6S3Q" name="TestCases.TC_03_InvalidLoginAttempts" tests="4" failures="0" timestamp="2023-09-11T22:59:44 IST" time="104.891" errors="0">
  <testcase name="testWithInvalidUsername" time="28.079" classname="TestCases.TC_03_InvalidLoginAttempts"/>
  <system-out/>
  <testcase name="testWithInvalidPassword" time="30.647" classname="TestCases.TC_03_InvalidLoginAttempts"/>
  <system-out/>
  <testcase name="testWithEmptyCredentials" time="21.118" classname="TestCases.TC_03_InvalidLoginAttempts"/>
  <system-out/>
  <testcase name="testInvalidMobileNumber" time="25.047" classname="TestCases.TC_03_InvalidLoginAttempts"/>
  <system-out/>
</testsuite> <!-- TestCases.TC_03_InvalidLoginAttempts -->
