<?xml version="1.0" encoding="UTF-8"?>
<!-- Generated by org.testng.reporters.JUnitReportReporter -->
<testsuite skipped="0" hostname="DESKTOP-G4P6S3Q" name="TestCases.TC_02_ValidLogin" tests="2" failures="0" timestamp="2023-09-11T22:59:44 IST" time="51.640" errors="0">
  <testcase name="testValidEmailLoginCredentials" time="26.861" classname="TestCases.TC_02_ValidLogin"/>
  <system-out/>
  <testcase name="testValidMobileLogin" time="24.779" classname="TestCases.TC_02_ValidLogin"/>
  <system-out/>
</testsuite> <!-- TestCases.TC_02_ValidLogin -->
