<?xml version="1.0" encoding="UTF-8"?>
<!-- Generated by org.testng.reporters.JUnitReportReporter -->
<testsuite skipped="0" hostname="DESKTOP-G4P6S3Q" name="TestCases.TC_06_FlightSelection" tests="1" failures="0" timestamp="2023-09-11T22:59:43 IST" time="49.634" errors="0">
  <testcase name="testFlightSelection" time="49.634" classname="TestCases.TC_06_FlightSelection"/>
  <system-out/>
</testsuite> <!-- TestCases.TC_06_FlightSelection -->
