<?xml version="1.0" encoding="UTF-8"?>
<!-- Generated by org.testng.reporters.JUnitReportReporter -->
<testsuite skipped="0" hostname="DESKTOP-G4P6S3Q" name="TestCases.TC_07_FlightBookingWithPayment" tests="1" failures="0" timestamp="2023-09-11T22:59:44 IST" time="108.185" errors="0">
  <testcase name="testFlightBooking" time="108.185" classname="TestCases.TC_07_FlightBookingWithPayment"/>
  <system-out/>
</testsuite> <!-- TestCases.TC_07_FlightBookingWithPayment -->
