<?xml version="1.0" encoding="UTF-8"?>
<!-- Generated by org.testng.reporters.JUnitReportReporter -->
<testsuite skipped="0" hostname="DESKTOP-G4P6S3Q" name="TestCases.TC_05_RoundTripFlightSearch" tests="1" failures="0" timestamp="2023-09-11T22:59:44 IST" time="32.150" errors="0">
  <testcase name="testRoundTrip" time="32.150" classname="TestCases.TC_05_RoundTripFlightSearch"/>
  <system-out/>
</testsuite> <!-- TestCases.TC_05_RoundTripFlightSearch -->
