<?xml version="1.0" encoding="UTF-8"?>
<!-- Generated by org.testng.reporters.JUnitReportReporter -->
<testsuite skipped="0" hostname="DESKTOP-G4P6S3Q" name="TestCases.TC_06_OnewayFlightSelect" tests="1" failures="0" timestamp="2023-09-11T21:55:49 IST" time="110.528" errors="0">
  <testcase name="testOnewayFlightSelect" time="110.528" classname="TestCases.TC_06_OnewayFlightSelect"/>
  <system-out/>
</testsuite> <!-- TestCases.TC_06_OnewayFlightSelect -->
