<?xml version="1.0" encoding="UTF-8"?>
<!-- Generated by org.testng.reporters.JUnitReportReporter -->
<testsuite skipped="0" hostname="DESKTOP-G4P6S3Q" name="TestCases.TC_08_ValidationFields" tests="1" failures="0" timestamp="2023-09-11T22:59:44 IST" time="29.429" errors="0">
  <testcase name="testValidation" time="29.429" classname="TestCases.TC_08_ValidationFields"/>
  <system-out/>
</testsuite> <!-- TestCases.TC_08_ValidationFields -->
